2022-12-01 14:07:06,558 INFO  [Log] search_a_product()PASSED 
2022-12-01 14:07:09,340 INFO  [Log] select_a_product()PASSED 
2022-12-01 14:07:11,153 INFO  [Log] add_product()PASSED 
2022-12-01 14:07:13,179 ERROR [Log] go_basket()FAILED with CAUSE : Product was not added to cart! ==> expected: <true> but was: <false> 
2022-12-01 14:27:00,259 INFO  [Log] search_a_product()PASSED 
2022-12-01 14:27:03,055 INFO  [Log] select_a_product()PASSED 
2022-12-01 14:27:04,254 INFO  [Log] add_product()PASSED 
2022-12-01 14:27:05,929 ERROR [Log] go_basket()FAILED with CAUSE : Product was not added to cart! ==> expected: <true> but was: <false> 
2022-12-01 14:27:05,945 ERROR [Log] reduce_product()FAILED with CAUSE : no such element: Unable to locate element: {"method":"css selector","selector":"#add\-to\-cart\-button"}
  (Session info: chrome=107.0.5304.122)
For documentation on this error, please visit: https://www.seleniumhq.org/exceptions/no_such_element.html
Build info: version: '3.141.59', revision: 'e82be7d358', time: '2018-11-14T08:17:03'
System info: host: 'DESKTOP-4OTUM7S', ip: '192.168.0.26', os.name: 'Windows 10', os.arch: 'amd64', os.version: '10.0', java.version: '18.0.2'
Driver info: org.openqa.selenium.chrome.ChromeDriver
Capabilities {acceptInsecureCerts: false, browserName: chrome, browserVersion: 107.0.5304.122, chrome: {chromedriverVersion: 107.0.5304.62 (1eec40d3a576..., userDataDir: C:\Users\ahmet\AppData\Loca...}, goog:chromeOptions: {debuggerAddress: localhost:53645}, javascriptEnabled: true, networkConnectionEnabled: false, pageLoadStrategy: normal, platform: WINDOWS, platformName: WINDOWS, proxy: Proxy(), setWindowRect: true, strictFileInteractability: false, timeouts: {implicit: 0, pageLoad: 300000, script: 30000}, unhandledPromptBehavior: dismiss and notify, webauthn:extension:credBlob: true, webauthn:extension:largeBlob: true, webauthn:virtualAuthenticators: true}
Session ID: 08275b98f1ca39a76048e2f0e0f64c57
*** Element info: {Using=id, value=add-to-cart-button} 
2022-12-01 14:27:07,917 INFO  [Log] go_basket1()PASSED 
2022-12-01 14:28:47,976 INFO  [Log] search_a_product()PASSED 
2022-12-01 14:28:50,696 INFO  [Log] select_a_product()PASSED 
2022-12-01 14:28:52,104 INFO  [Log] add_product()PASSED 
2022-12-01 14:28:53,557 ERROR [Log] go_basket()FAILED with CAUSE : Product was not added to cart! ==> expected: <true> but was: <false> 
2022-12-01 14:28:53,575 ERROR [Log] reduce_product()FAILED with CAUSE : no such element: Unable to locate element: {"method":"css selector","selector":"#add\-to\-cart\-button"}
  (Session info: chrome=107.0.5304.122)
For documentation on this error, please visit: https://www.seleniumhq.org/exceptions/no_such_element.html
Build info: version: '3.141.59', revision: 'e82be7d358', time: '2018-11-14T08:17:03'
System info: host: 'DESKTOP-4OTUM7S', ip: '192.168.0.26', os.name: 'Windows 10', os.arch: 'amd64', os.version: '10.0', java.version: '18.0.2'
Driver info: org.openqa.selenium.chrome.ChromeDriver
Capabilities {acceptInsecureCerts: false, browserName: chrome, browserVersion: 107.0.5304.122, chrome: {chromedriverVersion: 107.0.5304.62 (1eec40d3a576..., userDataDir: C:\Users\ahmet\AppData\Loca...}, goog:chromeOptions: {debuggerAddress: localhost:53724}, javascriptEnabled: true, networkConnectionEnabled: false, pageLoadStrategy: normal, platform: WINDOWS, platformName: WINDOWS, proxy: Proxy(), setWindowRect: true, strictFileInteractability: false, timeouts: {implicit: 0, pageLoad: 300000, script: 30000}, unhandledPromptBehavior: dismiss and notify, webauthn:extension:credBlob: true, webauthn:extension:largeBlob: true, webauthn:virtualAuthenticators: true}
Session ID: 5b20e5fd934b32b41400142e98c5d2e4
*** Element info: {Using=id, value=add-to-cart-button} 
2022-12-01 14:29:55,599 INFO  [Log] search_a_product()PASSED 
2022-12-01 14:29:58,434 INFO  [Log] select_a_product()PASSED 
2022-12-01 14:30:00,657 INFO  [Log] add_product()PASSED 
2022-12-01 14:30:02,256 ERROR [Log] go_basket()FAILED with CAUSE : Product was not added to cart! ==> expected: <true> but was: <false> 
2022-12-01 14:30:02,275 ERROR [Log] reduce_product()FAILED with CAUSE : no such element: Unable to locate element: {"method":"css selector","selector":"#add\-to\-cart\-button"}
  (Session info: chrome=107.0.5304.122)
For documentation on this error, please visit: https://www.seleniumhq.org/exceptions/no_such_element.html
Build info: version: '3.141.59', revision: 'e82be7d358', time: '2018-11-14T08:17:03'
System info: host: 'DESKTOP-4OTUM7S', ip: '192.168.0.26', os.name: 'Windows 10', os.arch: 'amd64', os.version: '10.0', java.version: '18.0.2'
Driver info: org.openqa.selenium.chrome.ChromeDriver
Capabilities {acceptInsecureCerts: false, browserName: chrome, browserVersion: 107.0.5304.122, chrome: {chromedriverVersion: 107.0.5304.62 (1eec40d3a576..., userDataDir: C:\Users\ahmet\AppData\Loca...}, goog:chromeOptions: {debuggerAddress: localhost:53784}, javascriptEnabled: true, networkConnectionEnabled: false, pageLoadStrategy: normal, platform: WINDOWS, platformName: WINDOWS, proxy: Proxy(), setWindowRect: true, strictFileInteractability: false, timeouts: {implicit: 0, pageLoad: 300000, script: 30000}, unhandledPromptBehavior: dismiss and notify, webauthn:extension:credBlob: true, webauthn:extension:largeBlob: true, webauthn:virtualAuthenticators: true}
Session ID: 40a43a38b8f9724385de9989c243c955
*** Element info: {Using=id, value=add-to-cart-button} 
2022-12-01 14:37:31,052 ERROR [Log] search_a_product()FAILED with CAUSE : no such element: Unable to locate element: {"method":"css selector","selector":"#sp\-cc\-accept"}
  (Session info: chrome=107.0.5304.122)
For documentation on this error, please visit: https://www.seleniumhq.org/exceptions/no_such_element.html
Build info: version: '3.141.59', revision: 'e82be7d358', time: '2018-11-14T08:17:03'
System info: host: 'DESKTOP-4OTUM7S', ip: '192.168.0.26', os.name: 'Windows 10', os.arch: 'amd64', os.version: '10.0', java.version: '18.0.2'
Driver info: org.openqa.selenium.chrome.ChromeDriver
Capabilities {acceptInsecureCerts: false, browserName: chrome, browserVersion: 107.0.5304.122, chrome: {chromedriverVersion: 107.0.5304.62 (1eec40d3a576..., userDataDir: C:\Users\ahmet\AppData\Loca...}, goog:chromeOptions: {debuggerAddress: localhost:53888}, javascriptEnabled: true, networkConnectionEnabled: false, pageLoadStrategy: normal, platform: WINDOWS, platformName: WINDOWS, proxy: Proxy(), setWindowRect: true, strictFileInteractability: false, timeouts: {implicit: 0, pageLoad: 300000, script: 30000}, unhandledPromptBehavior: dismiss and notify, webauthn:extension:credBlob: true, webauthn:extension:largeBlob: true, webauthn:virtualAuthenticators: true}
Session ID: c9809cdbb17aeb89a3681566ff2057ba
*** Element info: {Using=id, value=sp-cc-accept} 
2022-12-01 14:37:31,058 ERROR [Log] select_a_product()FAILED with CAUSE : Cannot invoke "Pages.ProductsPage.selectProduct(int)" because "this.productsPage" is null 
2022-12-01 14:37:31,071 ERROR [Log] add_product()FAILED with CAUSE : no such element: Unable to locate element: {"method":"css selector","selector":"#add\-to\-cart\-button"}
  (Session info: chrome=107.0.5304.122)
For documentation on this error, please visit: https://www.seleniumhq.org/exceptions/no_such_element.html
Build info: version: '3.141.59', revision: 'e82be7d358', time: '2018-11-14T08:17:03'
System info: host: 'DESKTOP-4OTUM7S', ip: '192.168.0.26', os.name: 'Windows 10', os.arch: 'amd64', os.version: '10.0', java.version: '18.0.2'
Driver info: org.openqa.selenium.chrome.ChromeDriver
Capabilities {acceptInsecureCerts: false, browserName: chrome, browserVersion: 107.0.5304.122, chrome: {chromedriverVersion: 107.0.5304.62 (1eec40d3a576..., userDataDir: C:\Users\ahmet\AppData\Loca...}, goog:chromeOptions: {debuggerAddress: localhost:53888}, javascriptEnabled: true, networkConnectionEnabled: false, pageLoadStrategy: normal, platform: WINDOWS, platformName: WINDOWS, proxy: Proxy(), setWindowRect: true, strictFileInteractability: false, timeouts: {implicit: 0, pageLoad: 300000, script: 30000}, unhandledPromptBehavior: dismiss and notify, webauthn:extension:credBlob: true, webauthn:extension:largeBlob: true, webauthn:virtualAuthenticators: true}
Session ID: c9809cdbb17aeb89a3681566ff2057ba
*** Element info: {Using=id, value=add-to-cart-button} 
2022-12-01 14:37:31,083 ERROR [Log] go_basket()FAILED with CAUSE : no such element: Unable to locate element: {"method":"css selector","selector":"#nav\-cart\-count\-container"}
  (Session info: chrome=107.0.5304.122)
For documentation on this error, please visit: https://www.seleniumhq.org/exceptions/no_such_element.html
Build info: version: '3.141.59', revision: 'e82be7d358', time: '2018-11-14T08:17:03'
System info: host: 'DESKTOP-4OTUM7S', ip: '192.168.0.26', os.name: 'Windows 10', os.arch: 'amd64', os.version: '10.0', java.version: '18.0.2'
Driver info: org.openqa.selenium.chrome.ChromeDriver
Capabilities {acceptInsecureCerts: false, browserName: chrome, browserVersion: 107.0.5304.122, chrome: {chromedriverVersion: 107.0.5304.62 (1eec40d3a576..., userDataDir: C:\Users\ahmet\AppData\Loca...}, goog:chromeOptions: {debuggerAddress: localhost:53888}, javascriptEnabled: true, networkConnectionEnabled: false, pageLoadStrategy: normal, platform: WINDOWS, platformName: WINDOWS, proxy: Proxy(), setWindowRect: true, strictFileInteractability: false, timeouts: {implicit: 0, pageLoad: 300000, script: 30000}, unhandledPromptBehavior: dismiss and notify, webauthn:extension:credBlob: true, webauthn:extension:largeBlob: true, webauthn:virtualAuthenticators: true}
Session ID: c9809cdbb17aeb89a3681566ff2057ba
*** Element info: {Using=id, value=nav-cart-count-container} 
2022-12-01 14:37:31,093 ERROR [Log] reduce_product()FAILED with CAUSE : no such element: Unable to locate element: {"method":"css selector","selector":"#add\-to\-cart\-button"}
  (Session info: chrome=107.0.5304.122)
For documentation on this error, please visit: https://www.seleniumhq.org/exceptions/no_such_element.html
Build info: version: '3.141.59', revision: 'e82be7d358', time: '2018-11-14T08:17:03'
System info: host: 'DESKTOP-4OTUM7S', ip: '192.168.0.26', os.name: 'Windows 10', os.arch: 'amd64', os.version: '10.0', java.version: '18.0.2'
Driver info: org.openqa.selenium.chrome.ChromeDriver
Capabilities {acceptInsecureCerts: false, browserName: chrome, browserVersion: 107.0.5304.122, chrome: {chromedriverVersion: 107.0.5304.62 (1eec40d3a576..., userDataDir: C:\Users\ahmet\AppData\Loca...}, goog:chromeOptions: {debuggerAddress: localhost:53888}, javascriptEnabled: true, networkConnectionEnabled: false, pageLoadStrategy: normal, platform: WINDOWS, platformName: WINDOWS, proxy: Proxy(), setWindowRect: true, strictFileInteractability: false, timeouts: {implicit: 0, pageLoad: 300000, script: 30000}, unhandledPromptBehavior: dismiss and notify, webauthn:extension:credBlob: true, webauthn:extension:largeBlob: true, webauthn:virtualAuthenticators: true}
Session ID: c9809cdbb17aeb89a3681566ff2057ba
*** Element info: {Using=id, value=add-to-cart-button} 
2022-12-01 14:37:41,791 INFO  [Log] search_a_product()PASSED 
2022-12-01 14:37:44,740 INFO  [Log] select_a_product()PASSED 
2022-12-01 14:37:45,643 INFO  [Log] add_product()PASSED 
2022-12-01 14:37:47,647 ERROR [Log] go_basket()FAILED with CAUSE : Product was not added to cart! ==> expected: <true> but was: <false> 
2022-12-01 14:37:47,662 ERROR [Log] reduce_product()FAILED with CAUSE : no such element: Unable to locate element: {"method":"css selector","selector":"#add\-to\-cart\-button"}
  (Session info: chrome=107.0.5304.122)
For documentation on this error, please visit: https://www.seleniumhq.org/exceptions/no_such_element.html
Build info: version: '3.141.59', revision: 'e82be7d358', time: '2018-11-14T08:17:03'
System info: host: 'DESKTOP-4OTUM7S', ip: '192.168.0.26', os.name: 'Windows 10', os.arch: 'amd64', os.version: '10.0', java.version: '18.0.2'
Driver info: org.openqa.selenium.chrome.ChromeDriver
Capabilities {acceptInsecureCerts: false, browserName: chrome, browserVersion: 107.0.5304.122, chrome: {chromedriverVersion: 107.0.5304.62 (1eec40d3a576..., userDataDir: C:\Users\ahmet\AppData\Loca...}, goog:chromeOptions: {debuggerAddress: localhost:53923}, javascriptEnabled: true, networkConnectionEnabled: false, pageLoadStrategy: normal, platform: WINDOWS, platformName: WINDOWS, proxy: Proxy(), setWindowRect: true, strictFileInteractability: false, timeouts: {implicit: 0, pageLoad: 300000, script: 30000}, unhandledPromptBehavior: dismiss and notify, webauthn:extension:credBlob: true, webauthn:extension:largeBlob: true, webauthn:virtualAuthenticators: true}
Session ID: 153f6a91c44b35c1260a0c561f6cc1fa
*** Element info: {Using=id, value=add-to-cart-button} 
2022-12-01 14:41:58,469 INFO  [Log] search_a_product()PASSED 
2022-12-01 14:42:01,264 INFO  [Log] select_a_product()PASSED 
2022-12-01 14:42:02,092 INFO  [Log] add_product()PASSED 
2022-12-01 14:42:03,708 ERROR [Log] go_basket()FAILED with CAUSE : Product was not added to cart! ==> expected: <true> but was: <false> 
2022-12-01 14:42:03,785 INFO  [Log] reduce_product()PASSED 
2022-12-01 14:51:08,724 ERROR [Log] go_basket()FAILED with CAUSE : Cannot invoke "Pages.HomePage.goToBasket()" because "this.homePage" is null 
2022-12-01 14:51:16,966 ERROR [Log] reduce_product()FAILED with CAUSE : Cannot invoke "Pages.ProductDetailPage.reduceToBasket()" because "this.productDetailPage" is null 
2022-12-01 14:52:02,491 ERROR [Log] reduce_product()FAILED with CAUSE : Cannot invoke "Pages.ProductDetailPage.reduceToBasket()" because "this.productDetailPage" is null 
2022-12-01 14:53:08,688 ERROR [Log] reduce_product()FAILED with CAUSE : Cannot invoke "Pages.ProductDetailPage.reduceToBasket()" because "this.productDetailPage" is null 
2022-12-01 14:53:21,171 INFO  [Log] search_a_product()PASSED 
2022-12-01 14:53:23,675 INFO  [Log] select_a_product()PASSED 
2022-12-01 14:53:25,379 INFO  [Log] add_product()PASSED 
2022-12-01 14:53:27,359 ERROR [Log] go_basket()FAILED with CAUSE : Product was not added to cart! ==> expected: <true> but was: <false> 
2022-12-01 14:53:27,446 INFO  [Log] reduce_product()PASSED 
2022-12-01 14:54:12,355 INFO  [Log] search_a_product()PASSED 
2022-12-01 14:54:14,695 INFO  [Log] select_a_product()PASSED 
2022-12-01 14:54:16,358 INFO  [Log] add_product()PASSED 
2022-12-01 14:54:17,937 INFO  [Log] go_basket()PASSED 
2022-12-01 14:54:18,048 INFO  [Log] reduce_product()PASSED 
